Build started 19-Dec-19 20:24:20.
     1>Project "F:\university\Year 3\First semester\Assembly\Project\newest\Sudoko\Irvine\Project_Template\Project.vcxproj" on node 2 (Build target(s)).
     1>_MASM:
         Assembling main.asm...
         cmd.exe /C "C:\Users\Smart Computer\AppData\Local\Temp\tmp4b5fd498b55e47a4868d890002c01b70.cmd"
         ml.exe /c /nologo /Zi /Fo"Release\main.obj" /W3 /errorReport:prompt  /Tamain.asm
       Link:
         C:\Program Files (x86)\Microsoft Visual Studio 12.0\VC\bin\link.exe /ERRORREPORT:PROMPT /OUT:"F:\university\Year 3\First semester\Assembly\Project\newest\Sudoko\Irvine\Project_Template\Release\Project.exe" /NOLOGO kernel32.lib user32.lib gdi32.lib winspool.lib comdlg32.lib advapi32.lib shell32.lib ole32.lib oleaut32.lib uuid.lib odbc32.lib odbccp32.lib /MANIFEST /MANIFESTUAC:"level='asInvoker' uiAccess='false'" /manifest:embed /PDB:"F:\university\Year 3\First semester\Assembly\Project\newest\Sudoko\Irvine\Project_Template\Release\Project.pdb" /TLBID:1 /DYNAMICBASE /NXCOMPAT /IMPLIB:"F:\university\Year 3\First semester\Assembly\Project\newest\Sudoko\Irvine\Project_Template\Release\Project.lib" /MACHINE:X86 /SAFESEH Release\main.obj
     1>main.obj : error LNK2026: module unsafe for SAFESEH image.
     1>LINK : fatal error LNK1221: a subsystem can't be inferred and must be defined
     1>Done Building Project "F:\university\Year 3\First semester\Assembly\Project\newest\Sudoko\Irvine\Project_Template\Project.vcxproj" (Build target(s)) -- FAILED.

Build FAILED.

Time Elapsed 00:00:00.57
